<?xml version="1.0" encoding="UTF-8"?>
<!-- Generated by org.testng.reporters.JUnitReportReporter -->
<testsuite hostname="DESKTOP-HOF3APB" failures="0" tests="2" name="variousConcepts.LearnParallelExecution" time="30.717" errors="0" timestamp="16 Dec 2023 16:21:14 GMT">
  <testcase classname="variousConcepts.LearnParallelExecution" name="ChromeTest" time="21.366"/>
  <testcase classname="variousConcepts.LearnParallelExecution" name="FirefoxTest" time="9.351"/>
</testsuite> <!-- variousConcepts.LearnParallelExecution -->
